
> programacion-crm@0.1.0 lint
> eslint


C:\Users\Lenovo\Documents\crmnew\programacion-crm\src\components\datagrid\columns.tsx
  10:25  warning  'TData' is defined but never used  @typescript-eslint/no-unused-vars

C:\Users\Lenovo\Documents\crmnew\programacion-crm\src\components\datagrid\data-table.tsx
  32:54  error    Unexpected any. Specify a different type                                                                                                                                                                                                                                                                                                                                                                                                                                                                                                                                                                                                                                                                                   @typescript-eslint/no-explicit-any
  54:19  warning  Compilation Skipped: Use of incompatible library

This API returns functions which cannot be memoized without leading to stale UI. To prevent this, by default React Compiler will skip memoizing this component/hook. However, you may see issues if values from this API are passed to other components/hooks that are memoized.

C:\Users\Lenovo\Documents\crmnew\programacion-crm\src\components\datagrid\data-table.tsx:54:19
  52 |     })
  53 |
> 54 |     const table = useReactTable({
     |                   ^^^^^^^^^^^^^ TanStack Table's `useReactTable()` API returns functions that cannot be memoized safely
  55 |         data,
  56 |         columns,
  57 |         columnResizeMode: "onChange",  react-hooks/incompatible-library

C:\Users\Lenovo\Documents\crmnew\programacion-crm\src\components\datagrid\ghost-row.tsx
   4:10  warning  'ProgramacionServicio' is defined but never used  @typescript-eslint/no-unused-vars
  83:43  error    Unexpected any. Specify a different type          @typescript-eslint/no-explicit-any

C:\Users\Lenovo\Documents\crmnew\programacion-crm\src\hooks\use-programacion-data.ts
   14:12   warning  'isSaving' is assigned a value but never used                                                                  @typescript-eslint/no-unused-vars
   14:22   warning  'setIsSaving' is assigned a value but never used                                                               @typescript-eslint/no-unused-vars
   41:8    warning  React Hook useEffect has a missing dependency: 'supabase'. Either include it or remove the dependency array    react-hooks/exhaustive-deps
   70:8    warning  React Hook useEffect has a missing dependency: 'supabase'. Either include it or remove the dependency array    react-hooks/exhaustive-deps
   73:101  error    Unexpected any. Specify a different type                                                                       @typescript-eslint/no-explicit-any
  112:8    warning  React Hook useCallback has a missing dependency: 'supabase'. Either include it or remove the dependency array  react-hooks/exhaustive-deps
  116:23   warning  'inserted' is assigned a value but never used                                                                  @typescript-eslint/no-unused-vars
  138:8    warning  React Hook useCallback has a missing dependency: 'supabase'. Either include it or remove the dependency array  react-hooks/exhaustive-deps

C:\Users\Lenovo\Documents\crmnew\programacion-crm\src\services\external-api.ts
  1:10  warning  'ProgramacionServicio' is defined but never used  @typescript-eslint/no-unused-vars

 14 problems (3 errors, 11 warnings)

